e:\docs\uni\pbl\pbl\sdlprojektua\debug\vc142.pdb
e:\docs\uni\pbl\pbl\sdlprojektua\debug\vc142.idb
e:\docs\uni\pbl\pbl\sdlprojektua\debug\player.obj
e:\docs\uni\pbl\pbl\sdlprojektua\debug\inventory.obj
e:\docs\uni\pbl\pbl\sdlprojektua\debug\inputhandler.obj
e:\docs\uni\pbl\pbl\sdlprojektua\debug\tiles.obj
e:\docs\uni\pbl\pbl\sdlprojektua\debug\mediahandler.obj
e:\docs\uni\pbl\pbl\sdlprojektua\debug\source.obj
e:\docs\uni\pbl\pbl\sdlprojektua\debug\camera.obj
e:\docs\uni\pbl\pbl\sdlprojektua\debug\items.obj
e:\docs\uni\pbl\pbl\sdlprojektua\debug\datahandler.obj
d:\docs\uni\pbl\pbl\sdlprojektua\debug\vc142.pdb
d:\docs\uni\pbl\pbl\sdlprojektua\debug\vc142.idb
d:\docs\uni\pbl\pbl\sdlprojektua\debug\tiles.obj
d:\docs\uni\pbl\pbl\sdlprojektua\debug\source.obj
d:\docs\uni\pbl\pbl\sdlprojektua\debug\player.obj
d:\docs\uni\pbl\pbl\sdlprojektua\debug\mediahandler.obj
d:\docs\uni\pbl\pbl\sdlprojektua\debug\items.obj
d:\docs\uni\pbl\pbl\sdlprojektua\debug\inventory.obj
d:\docs\uni\pbl\pbl\sdlprojektua\debug\inputhandler.obj
d:\docs\uni\pbl\pbl\sdlprojektua\debug\datahandler.obj
d:\docs\uni\pbl\pbl\sdlprojektua\debug\camera.obj
d:\docs\uni\pbl\pbl\sdlprojektua\debug\sdlprojektua.exe
d:\docs\uni\pbl\pbl\sdlprojektua\debug\sdlprojektua.ilk
d:\docs\uni\pbl\pbl\sdlprojektua\debug\sdlprojektua.pdb
d:\docs\uni\pbl\pbl\sdlprojektua\debug\datahandler.obj.enc
d:\docs\uni\pbl\pbl\sdlprojektua\debug\inputhandler.obj.enc
d:\docs\uni\pbl\pbl\sdlprojektua\debug\inventory.obj.enc
d:\docs\uni\pbl\pbl\sdlprojektua\debug\items.obj.enc
d:\docs\uni\pbl\pbl\sdlprojektua\debug\mediahandler.obj.enc
d:\docs\uni\pbl\pbl\sdlprojektua\debug\player.obj.enc
d:\docs\uni\pbl\pbl\sdlprojektua\debug\source.obj.enc
d:\docs\uni\pbl\pbl\sdlprojektua\debug\tiles.new.obj.enc
d:\docs\uni\pbl\pbl\sdlprojektua\debug\sdlprojektua.tlog\cl.command.1.tlog
d:\docs\uni\pbl\pbl\sdlprojektua\debug\sdlprojektua.tlog\cl.read.1.tlog
d:\docs\uni\pbl\pbl\sdlprojektua\debug\sdlprojektua.tlog\cl.write.1.tlog
d:\docs\uni\pbl\pbl\sdlprojektua\debug\sdlprojektua.tlog\link.command.1.tlog
d:\docs\uni\pbl\pbl\sdlprojektua\debug\sdlprojektua.tlog\link.read.1.tlog
d:\docs\uni\pbl\pbl\sdlprojektua\debug\sdlprojektua.tlog\link.write.1.tlog
